C:\USERS\SLEMAN\DOCUMENTS\VISUAL STUDIO 2010\PROJECTS\OOP_HOMEWORK_5_\DEBUG\OOP_HOMEWORK_5_.EXE
C:\USERS\SLEMAN\DOCUMENTS\VISUAL STUDIO 2010\PROJECTS\OOP_HOMEWORK_5_\DEBUG\OOP_HOMEWORK_5_.ILK
C:\USERS\SLEMAN\DOCUMENTS\VISUAL STUDIO 2010\PROJECTS\OOP_HOMEWORK_5_\DEBUG\OOP_HOMEWORK_5_.PDB
C:\Users\Sleman\Documents\Visual Studio 2010\Projects\OOP_homework_5_\OOP_homework_5_\Debug\cl.command.1.tlog
C:\Users\Sleman\Documents\Visual Studio 2010\Projects\OOP_homework_5_\OOP_homework_5_\Debug\CL.read.1.tlog
C:\Users\Sleman\Documents\Visual Studio 2010\Projects\OOP_homework_5_\OOP_homework_5_\Debug\CL.write.1.tlog
C:\USERS\SLEMAN\DOCUMENTS\VISUAL STUDIO 2010\PROJECTS\OOP_HOMEWORK_5_\OOP_HOMEWORK_5_\DEBUG\CONTAINER.OBJ
C:\Users\Sleman\Documents\Visual Studio 2010\Projects\OOP_homework_5_\OOP_homework_5_\Debug\link.11596.read.1.tlog
C:\Users\Sleman\Documents\Visual Studio 2010\Projects\OOP_homework_5_\OOP_homework_5_\Debug\link.11596.write.1.tlog
C:\Users\Sleman\Documents\Visual Studio 2010\Projects\OOP_homework_5_\OOP_homework_5_\Debug\link.11596-cvtres.read.1.tlog
C:\Users\Sleman\Documents\Visual Studio 2010\Projects\OOP_homework_5_\OOP_homework_5_\Debug\link.11596-cvtres.write.1.tlog
C:\Users\Sleman\Documents\Visual Studio 2010\Projects\OOP_homework_5_\OOP_homework_5_\Debug\link.command.1.tlog
C:\Users\Sleman\Documents\Visual Studio 2010\Projects\OOP_homework_5_\OOP_homework_5_\Debug\link.read.1.tlog
C:\Users\Sleman\Documents\Visual Studio 2010\Projects\OOP_homework_5_\OOP_homework_5_\Debug\link.write.1.tlog
C:\Users\Sleman\Documents\Visual Studio 2010\Projects\OOP_homework_5_\OOP_homework_5_\Debug\link-cvtres.read.1.tlog
C:\Users\Sleman\Documents\Visual Studio 2010\Projects\OOP_homework_5_\OOP_homework_5_\Debug\link-cvtres.write.1.tlog
C:\USERS\SLEMAN\DOCUMENTS\VISUAL STUDIO 2010\PROJECTS\OOP_HOMEWORK_5_\OOP_HOMEWORK_5_\DEBUG\MAIN.OBJ
C:\USERS\SLEMAN\DOCUMENTS\VISUAL STUDIO 2010\PROJECTS\OOP_HOMEWORK_5_\OOP_HOMEWORK_5_\DEBUG\MATRIX.OBJ
C:\USERS\SLEMAN\DOCUMENTS\VISUAL STUDIO 2010\PROJECTS\OOP_HOMEWORK_5_\OOP_HOMEWORK_5_\DEBUG\MATRIXDATA.OBJ
C:\Users\Sleman\Documents\Visual Studio 2010\Projects\OOP_homework_5_\OOP_homework_5_\Debug\mt.command.1.tlog
C:\Users\Sleman\Documents\Visual Studio 2010\Projects\OOP_homework_5_\OOP_homework_5_\Debug\mt.read.1.tlog
C:\Users\Sleman\Documents\Visual Studio 2010\Projects\OOP_homework_5_\OOP_homework_5_\Debug\mt.write.1.tlog
C:\USERS\SLEMAN\DOCUMENTS\VISUAL STUDIO 2010\PROJECTS\OOP_HOMEWORK_5_\OOP_HOMEWORK_5_\DEBUG\MYARRAY.OBJ
C:\USERS\SLEMAN\DOCUMENTS\VISUAL STUDIO 2010\PROJECTS\OOP_HOMEWORK_5_\OOP_HOMEWORK_5_\DEBUG\OOP_HOMEWORK_5_.EXE.EMBED.MANIFEST
C:\USERS\SLEMAN\DOCUMENTS\VISUAL STUDIO 2010\PROJECTS\OOP_HOMEWORK_5_\OOP_HOMEWORK_5_\DEBUG\OOP_HOMEWORK_5_.EXE.EMBED.MANIFEST.RES
C:\USERS\SLEMAN\DOCUMENTS\VISUAL STUDIO 2010\PROJECTS\OOP_HOMEWORK_5_\OOP_HOMEWORK_5_\DEBUG\OOP_HOMEWORK_5_.EXE.INTERMEDIATE.MANIFEST
C:\Users\Sleman\Documents\Visual Studio 2010\Projects\OOP_homework_5_\OOP_homework_5_\Debug\OOP_homework_5_.write.1.tlog
C:\Users\Sleman\Documents\Visual Studio 2010\Projects\OOP_homework_5_\OOP_homework_5_\Debug\OOP_homework_5__manifest.rc
C:\Users\Sleman\Documents\Visual Studio 2010\Projects\OOP_homework_5_\OOP_homework_5_\Debug\rc.command.1.tlog
C:\Users\Sleman\Documents\Visual Studio 2010\Projects\OOP_homework_5_\OOP_homework_5_\Debug\rc.read.1.tlog
C:\Users\Sleman\Documents\Visual Studio 2010\Projects\OOP_homework_5_\OOP_homework_5_\Debug\rc.write.1.tlog
C:\Users\Sleman\Documents\Visual Studio 2010\Projects\OOP_homework_5_\OOP_homework_5_\Debug\vc100.idb
C:\USERS\SLEMAN\DOCUMENTS\VISUAL STUDIO 2010\PROJECTS\OOP_HOMEWORK_5_\OOP_HOMEWORK_5_\DEBUG\VC100.PDB
